<?xml version="1.0" encoding="UTF-8"?>
<testng-results skipped="0" failed="0" ignored="0" total="5" passed="5">
  <reporter-output>
  </reporter-output>
  <suite name="Suite" duration-ms="6187" started-at="2022-06-09T19:07:14 IST" finished-at="2022-06-09T19:07:21 IST">
    <groups>
    </groups>
    <test name="Test" duration-ms="6187" started-at="2022-06-09T19:07:14 IST" finished-at="2022-06-09T19:07:21 IST">
      <class name="org.testing.TestScripts.TC3_GetAllRequest">
        <test-method status="PASS" signature="testcase3()[pri:0, instance:org.testing.TestScripts.TC3_GetAllRequest@1e7c7811]" name="testcase3" duration-ms="56" started-at="2022-06-09T19:07:20 IST" finished-at="2022-06-09T19:07:20 IST">
          <reporter-output>
          </reporter-output>
        </test-method> <!-- testcase3 -->
      </class> <!-- org.testing.TestScripts.TC3_GetAllRequest -->
      <class name="org.testing.TestScripts.TC4_PutRequest">
        <test-method status="PASS" signature="testcase4()[pri:0, instance:org.testing.TestScripts.TC4_PutRequest@77ec78b9]" name="testcase4" duration-ms="35" started-at="2022-06-09T19:07:20 IST" finished-at="2022-06-09T19:07:20 IST">
          <reporter-output>
          </reporter-output>
        </test-method> <!-- testcase4 -->
      </class> <!-- org.testing.TestScripts.TC4_PutRequest -->
      <class name="org.testing.TestScripts.TC1_PostRequest">
        <test-method status="PASS" signature="testcase1()[pri:0, instance:org.testing.TestScripts.TC1_PostRequest@5f3a4b84]" name="testcase1" duration-ms="5943" started-at="2022-06-09T19:07:14 IST" finished-at="2022-06-09T19:07:20 IST">
          <reporter-output>
          </reporter-output>
        </test-method> <!-- testcase1 -->
      </class> <!-- org.testing.TestScripts.TC1_PostRequest -->
      <class name="org.testing.TestScripts.TC5_DeleteRequest">
        <test-method status="PASS" signature="testcase5()[pri:0, instance:org.testing.TestScripts.TC5_DeleteRequest@1a3869f4]" name="testcase5" duration-ms="47" started-at="2022-06-09T19:07:20 IST" finished-at="2022-06-09T19:07:21 IST">
          <reporter-output>
          </reporter-output>
        </test-method> <!-- testcase5 -->
      </class> <!-- org.testing.TestScripts.TC5_DeleteRequest -->
      <class name="org.testing.TestScripts.TC2_GetRequest">
        <test-method status="PASS" signature="testcase2()[pri:0, instance:org.testing.TestScripts.TC2_GetRequest@7a3d45bd]" name="testcase2" duration-ms="58" started-at="2022-06-09T19:07:20 IST" finished-at="2022-06-09T19:07:20 IST">
          <reporter-output>
          </reporter-output>
        </test-method> <!-- testcase2 -->
      </class> <!-- org.testing.TestScripts.TC2_GetRequest -->
    </test> <!-- Test -->
  </suite> <!-- Suite -->
</testng-results>
