<?xml version="1.0" encoding="UTF-8"?>
<!-- Generated by org.testng.reporters.JUnitXMLReporter -->
<testsuite hostname="IN1-1016845LT" ignored="0" name="Test" tests="5" failures="0" timestamp="2022-06-09T19:07:21 IST" time="6.187" errors="0">
  <testcase name="testcase1" time="5.943" classname="org.testing.TestScripts.TC1_PostRequest"/>
  <testcase name="testcase2" time="0.058" classname="org.testing.TestScripts.TC2_GetRequest"/>
  <testcase name="testcase3" time="0.056" classname="org.testing.TestScripts.TC3_GetAllRequest"/>
  <testcase name="testcase4" time="0.035" classname="org.testing.TestScripts.TC4_PutRequest"/>
  <testcase name="testcase5" time="0.047" classname="org.testing.TestScripts.TC5_DeleteRequest"/>
</testsuite> <!-- Test -->
